<?xml version="1.0" encoding="UTF-8"?>
<!-- Generated by org.testng.reporters.JUnitXMLReporter -->
<testsuite ignored="0" hostname="MacBook.local" failures="0" tests="18" name="Default test" time="4.315" errors="0" timestamp="27 Jul 2021 04:08:07 GMT">
  <testcase classname="tests.TestStates" name="@BeforeTest browserlaunch" time="3.432">
    <failure type="org.openqa.selenium.SessionNotCreatedException" message="session not created: This version of ChromeDriver only supports Chrome version 90
Current browser version is 92.0.4515.107 with binary path /Applications/Google Chrome.app/Contents/MacOS/Google Chrome
Build info: version: &amp;apos;3.141.59&amp;apos;, revision: &amp;apos;e82be7d358&amp;apos;, time: &amp;apos;2018-11-14T08:17:03&amp;apos;
System info: host: &amp;apos;MacBook.local&amp;apos;, ip: &amp;apos;fdc3:9e47:38dd:1:1012:c0e:fd88:2b5f%en0&amp;apos;, os.name: &amp;apos;Mac OS X&amp;apos;, os.arch: &amp;apos;x86_64&amp;apos;, os.version: &amp;apos;10.16&amp;apos;, java.version: &amp;apos;15.0.2&amp;apos;
Driver info: driver.version: ChromeDriver
remote stacktrace: 0   chromedriver                        0x0000000104d72cc9 chromedriver + 2718921
1   chromedriver                        0x000000010542f143 chromedriver + 9781571
2   chromedriver                        0x0000000104b04218 chromedriver + 168472
3   chromedriver                        0x0000000104b29d59 chromedriver + 322905
4   chromedriver                        0x0000000104b259bc chromedriver + 305596
5   chromedriver                        0x0000000104b21fd1 chromedriver + 290769
6   chromedriver                        0x0000000104b59fb2 chromedriver + 520114
7   chromedriver                        0x0000000104b54ed3 chromedriver + 499411
8   chromedriver                        0x0000000104b2bd9f chromedriver + 331167
9   chromedriver                        0x0000000104b2d03d chromedriver + 335933
10  chromedriver                        0x0000000104d3d5f9 chromedriver + 2500089
11  chromedriver                        0x0000000104d4b8a5 chromedriver + 2558117
12  chromedriver                        0x0000000104d4c80f chromedriver + 2562063
13  chromedriver                        0x0000000104d21741 chromedriver + 2385729
14  chromedriver                        0x0000000104d4cd1f chromedriver + 2563359
15  chromedriver                        0x0000000104d32c3c chromedriver + 2456636
16  chromedriver                        0x0000000104d66398 chromedriver + 2667416
17  chromedriver                        0x0000000104d6655a chromedriver + 2667866
18  chromedriver                        0x0000000104d77d18 chromedriver + 2739480
19  libsystem_pthread.dylib             0x00007fff203368fc _pthread_start + 224
20  libsystem_pthread.dylib             0x00007fff20332443 thread_start + 15
">
      <![CDATA[org.openqa.selenium.SessionNotCreatedException: session not created: This version of ChromeDriver only supports Chrome version 90
Current browser version is 92.0.4515.107 with binary path /Applications/Google Chrome.app/Contents/MacOS/Google Chrome
Build info: version: '3.141.59', revision: 'e82be7d358', time: '2018-11-14T08:17:03'
System info: host: 'MacBook.local', ip: 'fdc3:9e47:38dd:1:1012:c0e:fd88:2b5f%en0', os.name: 'Mac OS X', os.arch: 'x86_64', os.version: '10.16', java.version: '15.0.2'
Driver info: driver.version: ChromeDriver
remote stacktrace: 0   chromedriver                        0x0000000104d72cc9 chromedriver + 2718921
1   chromedriver                        0x000000010542f143 chromedriver + 9781571
2   chromedriver                        0x0000000104b04218 chromedriver + 168472
3   chromedriver                        0x0000000104b29d59 chromedriver + 322905
4   chromedriver                        0x0000000104b259bc chromedriver + 305596
5   chromedriver                        0x0000000104b21fd1 chromedriver + 290769
6   chromedriver                        0x0000000104b59fb2 chromedriver + 520114
7   chromedriver                        0x0000000104b54ed3 chromedriver + 499411
8   chromedriver                        0x0000000104b2bd9f chromedriver + 331167
9   chromedriver                        0x0000000104b2d03d chromedriver + 335933
10  chromedriver                        0x0000000104d3d5f9 chromedriver + 2500089
11  chromedriver                        0x0000000104d4b8a5 chromedriver + 2558117
12  chromedriver                        0x0000000104d4c80f chromedriver + 2562063
13  chromedriver                        0x0000000104d21741 chromedriver + 2385729
14  chromedriver                        0x0000000104d4cd1f chromedriver + 2563359
15  chromedriver                        0x0000000104d32c3c chromedriver + 2456636
16  chromedriver                        0x0000000104d66398 chromedriver + 2667416
17  chromedriver                        0x0000000104d6655a chromedriver + 2667866
18  chromedriver                        0x0000000104d77d18 chromedriver + 2739480
19  libsystem_pthread.dylib             0x00007fff203368fc _pthread_start + 224
20  libsystem_pthread.dylib             0x00007fff20332443 thread_start + 15

at java.base/jdk.internal.reflect.NativeConstructorAccessorImpl.newInstance0(Native Method)
at java.base/jdk.internal.reflect.NativeConstructorAccessorImpl.newInstance(NativeConstructorAccessorImpl.java:64)
at java.base/jdk.internal.reflect.DelegatingConstructorAccessorImpl.newInstance(DelegatingConstructorAccessorImpl.java:45)
at java.base/java.lang.reflect.Constructor.newInstanceWithCaller(Constructor.java:500)
at java.base/java.lang.reflect.Constructor.newInstance(Constructor.java:481)
at org.openqa.selenium.remote.W3CHandshakeResponse.lambda$errorHandler$0(W3CHandshakeResponse.java:62)
at org.openqa.selenium.remote.HandshakeResponse.lambda$getResponseFunction$0(HandshakeResponse.java:30)
at org.openqa.selenium.remote.ProtocolHandshake.lambda$createSession$0(ProtocolHandshake.java:126)
at java.base/java.util.stream.ReferencePipeline$3$1.accept(ReferencePipeline.java:195)
at java.base/java.util.Spliterators$ArraySpliterator.tryAdvance(Spliterators.java:958)
at java.base/java.util.stream.ReferencePipeline.forEachWithCancel(ReferencePipeline.java:127)
at java.base/java.util.stream.AbstractPipeline.copyIntoWithCancel(AbstractPipeline.java:502)
at java.base/java.util.stream.AbstractPipeline.copyInto(AbstractPipeline.java:488)
at java.base/java.util.stream.AbstractPipeline.wrapAndCopyInto(AbstractPipeline.java:474)
at java.base/java.util.stream.FindOps$FindOp.evaluateSequential(FindOps.java:150)
at java.base/java.util.stream.AbstractPipeline.evaluate(AbstractPipeline.java:234)
at java.base/java.util.stream.ReferencePipeline.findFirst(ReferencePipeline.java:543)
at org.openqa.selenium.remote.ProtocolHandshake.createSession(ProtocolHandshake.java:128)
at org.openqa.selenium.remote.ProtocolHandshake.createSession(ProtocolHandshake.java:74)
at org.openqa.selenium.remote.HttpCommandExecutor.execute(HttpCommandExecutor.java:136)
at org.openqa.selenium.remote.service.DriverCommandExecutor.execute(DriverCommandExecutor.java:83)
at org.openqa.selenium.remote.RemoteWebDriver.execute(RemoteWebDriver.java:552)
at org.openqa.selenium.remote.RemoteWebDriver.startSession(RemoteWebDriver.java:213)
at org.openqa.selenium.remote.RemoteWebDriver.<init>(RemoteWebDriver.java:131)
at org.openqa.selenium.chrome.ChromeDriver.<init>(ChromeDriver.java:181)
at org.openqa.selenium.chrome.ChromeDriver.<init>(ChromeDriver.java:168)
at org.openqa.selenium.chrome.ChromeDriver.<init>(ChromeDriver.java:123)
at library.Browser.StartBrowser(Browser.java:26)
at tests.TestStates.browserlaunch(TestStates.java:25)
at java.base/jdk.internal.reflect.NativeMethodAccessorImpl.invoke0(Native Method)
at java.base/jdk.internal.reflect.NativeMethodAccessorImpl.invoke(NativeMethodAccessorImpl.java:64)
at java.base/jdk.internal.reflect.DelegatingMethodAccessorImpl.invoke(DelegatingMethodAccessorImpl.java:43)
at java.base/java.lang.reflect.Method.invoke(Method.java:564)
at org.testng.internal.MethodInvocationHelper.invokeMethod(MethodInvocationHelper.java:124)
at org.testng.internal.MethodInvocationHelper.invokeMethodConsideringTimeout(MethodInvocationHelper.java:59)
at org.testng.internal.Invoker.invokeConfigurationMethod(Invoker.java:458)
at org.testng.internal.Invoker.invokeConfigurations(Invoker.java:222)
at org.testng.internal.Invoker.invokeConfigurations(Invoker.java:142)
at org.testng.TestRunner.beforeRun(TestRunner.java:529)
at org.testng.TestRunner.run(TestRunner.java:497)
at org.testng.SuiteRunner.runTest(SuiteRunner.java:455)
at org.testng.SuiteRunner.runSequentially(SuiteRunner.java:450)
at org.testng.SuiteRunner.privateRun(SuiteRunner.java:415)
at org.testng.SuiteRunner.run(SuiteRunner.java:364)
at org.testng.SuiteRunnerWorker.runSuite(SuiteRunnerWorker.java:52)
at org.testng.SuiteRunnerWorker.run(SuiteRunnerWorker.java:84)
at org.testng.TestNG.runSuitesSequentially(TestNG.java:1208)
at org.testng.TestNG.runSuitesLocally(TestNG.java:1137)
at org.testng.TestNG.runSuites(TestNG.java:1049)
at org.testng.TestNG.run(TestNG.java:1017)
at org.testng.remote.AbstractRemoteTestNG.run(AbstractRemoteTestNG.java:115)
at org.testng.remote.RemoteTestNG.initAndRun(RemoteTestNG.java:251)
at org.testng.remote.RemoteTestNG.main(RemoteTestNG.java:77)
]]>
    </failure>
  </testcase> <!-- @BeforeTest browserlaunch -->
  <testcase classname="tests.TestStates" name="@AfterTest closeBrowser" time="0.0">
    <skipped/>
  </testcase> <!-- @AfterTest closeBrowser -->
  <testcase classname="tests.TestStates" name="verifyStates" time="0.0">
    <skipped/>
  </testcase> <!-- verifyStates -->
  <testcase classname="tests.TestStates" name="verifyStates" time="0.0">
    <skipped/>
  </testcase> <!-- verifyStates -->
  <testcase classname="tests.TestStates" name="verifyStates" time="0.0">
    <skipped/>
  </testcase> <!-- verifyStates -->
  <testcase classname="tests.TestStates" name="verifyStates" time="0.0">
    <skipped/>
  </testcase> <!-- verifyStates -->
  <testcase classname="tests.TestStates" name="verifyStates" time="0.0">
    <skipped/>
  </testcase> <!-- verifyStates -->
  <testcase classname="tests.TestStates" name="verifyStates" time="0.0">
    <skipped/>
  </testcase> <!-- verifyStates -->
  <testcase classname="tests.TestStates" name="verifyStates" time="0.0">
    <skipped/>
  </testcase> <!-- verifyStates -->
  <testcase classname="tests.TestStates" name="verifyStates" time="0.0">
    <skipped/>
  </testcase> <!-- verifyStates -->
  <testcase classname="tests.TestStates" name="verifyStates" time="0.0">
    <skipped/>
  </testcase> <!-- verifyStates -->
  <testcase classname="tests.TestStates" name="verifyStates" time="0.0">
    <skipped/>
  </testcase> <!-- verifyStates -->
  <testcase classname="tests.TestStates" name="verifyStates" time="0.0">
    <skipped/>
  </testcase> <!-- verifyStates -->
  <testcase classname="tests.TestStates" name="verifyStates" time="0.0">
    <skipped/>
  </testcase> <!-- verifyStates -->
  <testcase classname="tests.TestStates" name="verifyStates" time="0.0">
    <skipped/>
  </testcase> <!-- verifyStates -->
  <testcase classname="tests.TestStates" name="verifyStates" time="0.0">
    <skipped/>
  </testcase> <!-- verifyStates -->
  <testcase classname="tests.TestStates" name="verifyStates" time="0.0">
    <skipped/>
  </testcase> <!-- verifyStates -->
  <testcase classname="tests.TestStates" name="verifyStates" time="0.0">
    <skipped/>
  </testcase> <!-- verifyStates -->
  <testcase classname="tests.TestStates" name="verifyStates" time="0.0">
    <skipped/>
  </testcase> <!-- verifyStates -->
  <testcase classname="tests.TestStates" name="verifyStates" time="0.0">
    <skipped/>
  </testcase> <!-- verifyStates -->
</testsuite> <!-- Default test -->
